10 hours limit

  0%|          | 0/112 [00:00<?, ?it/s]
  1%|          | 1/112 [00:17<32:15, 17.43s/it]
  2%|▏         | 2/112 [00:34<31:48, 17.35s/it]
  3%|▎         | 3/112 [00:52<31:43, 17.46s/it]
  4%|▎         | 4/112 [01:09<31:01, 17.24s/it]
  4%|▍         | 5/112 [01:26<30:56, 17.35s/it]
  5%|▌         | 6/112 [01:43<30:13, 17.11s/it]
  6%|▋         | 7/112 [02:01<30:25, 17.39s/it]
  7%|▋         | 8/112 [02:18<30:01, 17.32s/it]
  8%|▊         | 9/112 [02:36<30:03, 17.51s/it]
  9%|▉         | 10/112 [02:54<29:46, 17.52s/it]
 10%|▉         | 11/112 [03:12<29:50, 17.73s/it]
 11%|█         | 12/112 [03:29<29:33, 17.73s/it]
 12%|█▏        | 13/112 [03:48<29:28, 17.86s/it]
 12%|█▎        | 14/112 [04:06<29:12, 17.89s/it]
 13%|█▎        | 15/112 [04:24<29:09, 18.03s/it]
 14%|█▍        | 16/112 [04:41<28:22, 17.73s/it]
 15%|█▌        | 17/112 [04:59<28:16, 17.85s/it]
 16%|█▌        | 18/112 [05:17<28:02, 17.90s/it]
 17%|█▋        | 19/112 [05:35<27:51, 17.98s/it]
 18%|█▊        | 20/112 [05:54<27:40, 18.05s/it]
 19%|█▉        | 21/112 [06:12<27:27, 18.10s/it]
 20%|█▉        | 22/112 [06:29<26:42, 17.81s/it]
 21%|██        | 23/112 [06:48<26:50, 18.10s/it]
 21%|██▏       | 24/112 [07:06<26:42, 18.21s/it]
 22%|██▏       | 25/112 [07:25<26:29, 18.27s/it]
 23%|██▎       | 26/112 [07:43<26:12, 18.29s/it]
 24%|██▍       | 27/112 [08:02<26:08, 18.45s/it]
 25%|██▌       | 28/112 [08:20<25:44, 18.39s/it]
 26%|██▌       | 29/112 [08:39<25:39, 18.55s/it]
 27%|██▋       | 30/112 [08:58<25:27, 18.63s/it]
 28%|██▊       | 31/112 [09:17<25:23, 18.81s/it]
 29%|██▊       | 32/112 [09:35<24:52, 18.65s/it]
 29%|██▉       | 33/112 [09:54<24:35, 18.68s/it]
 30%|███       | 34/112 [10:13<24:15, 18.66s/it]
 31%|███▏      | 35/112 [10:32<24:17, 18.93s/it]
 32%|███▏      | 36/112 [10:51<23:55, 18.89s/it]
 33%|███▎      | 37/112 [11:10<23:42, 18.97s/it]
 34%|███▍      | 38/112 [11:28<23:05, 18.72s/it]
 35%|███▍      | 39/112 [11:48<23:12, 19.07s/it]
 36%|███▌      | 40/112 [12:07<22:50, 19.04s/it]
 37%|███▋      | 41/112 [12:27<22:48, 19.28s/it]
 38%|███▊      | 42/112 [12:47<22:37, 19.40s/it]
 38%|███▊      | 43/112 [13:07<22:32, 19.60s/it]
 39%|███▉      | 44/112 [13:26<22:14, 19.62s/it]
 40%|████      | 45/112 [13:47<22:07, 19.81s/it]
 41%|████      | 46/112 [14:07<21:57, 19.96s/it]
 42%|████▏     | 47/112 [14:28<21:52, 20.20s/it]
 43%|████▎     | 48/112 [14:47<21:12, 19.89s/it]
 44%|████▍     | 49/112 [15:07<21:04, 20.07s/it]
 45%|████▍     | 50/112 [15:27<20:42, 20.05s/it]
 46%|████▌     | 51/112 [15:48<20:32, 20.21s/it]
 46%|████▋     | 52/112 [16:08<20:09, 20.16s/it]
 47%|████▋     | 53/112 [16:29<19:58, 20.31s/it]
 48%|████▊     | 54/112 [16:48<19:26, 20.12s/it]
 49%|████▉     | 55/112 [17:09<19:20, 20.36s/it]
 50%|█████     | 56/112 [17:29<18:59, 20.36s/it]
 51%|█████     | 57/112 [17:50<18:49, 20.54s/it]
 52%|█████▏    | 58/112 [18:11<18:33, 20.62s/it]
 53%|█████▎    | 59/112 [18:33<18:22, 20.81s/it]
 54%|█████▎    | 60/112 [18:53<17:58, 20.74s/it]
 54%|█████▍    | 61/112 [19:14<17:45, 20.88s/it]
 55%|█████▌    | 62/112 [19:35<17:28, 20.97s/it]
 56%|█████▋    | 63/112 [19:57<17:14, 21.11s/it]
 57%|█████▋    | 64/112 [20:17<16:39, 20.82s/it]
 58%|█████▊    | 65/112 [20:39<16:27, 21.01s/it]
 59%|█████▉    | 66/112 [21:00<16:07, 21.03s/it]
 60%|█████▉    | 67/112 [21:21<15:56, 21.26s/it]
 61%|██████    | 68/112 [21:43<15:34, 21.24s/it]
 62%|██████▏   | 69/112 [22:04<15:20, 21.40s/it]
 62%|██████▎   | 70/112 [22:25<14:50, 21.21s/it]
 63%|██████▎   | 71/112 [22:47<14:42, 21.53s/it]
 64%|██████▍   | 72/112 [23:09<14:16, 21.41s/it]
 65%|██████▌   | 73/112 [23:31<14:03, 21.64s/it]
 66%|██████▌   | 74/112 [23:53<13:47, 21.78s/it]
 67%|██████▋   | 75/112 [24:15<13:34, 22.01s/it]
 68%|██████▊   | 76/112 [24:37<13:10, 21.96s/it]
 69%|██████▉   | 77/112 [25:00<12:53, 22.09s/it]
 70%|██████▉   | 78/112 [25:22<12:32, 22.13s/it]
 71%|███████   | 79/112 [25:45<12:15, 22.30s/it]
 71%|███████▏  | 80/112 [26:06<11:41, 21.93s/it]
 72%|███████▏  | 81/112 [26:28<11:22, 22.02s/it]
 73%|███████▎  | 82/112 [26:50<11:02, 22.07s/it]
 74%|███████▍  | 83/112 [27:13<10:45, 22.26s/it]
 75%|███████▌  | 84/112 [27:35<10:22, 22.23s/it]
 76%|███████▌  | 85/112 [27:57<10:02, 22.32s/it]
 77%|███████▋  | 86/112 [28:19<09:35, 22.14s/it]
 78%|███████▊  | 87/112 [28:42<09:21, 22.45s/it]
 79%|███████▊  | 88/112 [29:05<08:58, 22.43s/it]
 79%|███████▉  | 89/112 [29:28<08:39, 22.57s/it]
 80%|████████  | 90/112 [29:51<08:19, 22.69s/it]
 81%|████████▏ | 91/112 [30:14<08:00, 22.89s/it]
 82%|████████▏ | 92/112 [30:37<07:37, 22.85s/it]
 83%|████████▎ | 93/112 [31:00<07:16, 22.97s/it]
 84%|████████▍ | 94/112 [31:23<06:54, 23.04s/it]
 85%|████████▍ | 95/112 [31:47<06:34, 23.19s/it]
 86%|████████▌ | 96/112 [32:09<06:05, 22.87s/it]
 87%|████████▋ | 97/112 [32:32<05:45, 23.05s/it]
 88%|████████▊ | 98/112 [32:55<05:23, 23.08s/it]
 88%|████████▊ | 99/112 [33:19<05:03, 23.33s/it]
 89%|████████▉ | 100/112 [33:43<04:39, 23.29s/it]
 90%|█████████ | 101/112 [34:06<04:18, 23.50s/it]
 91%|█████████ | 102/112 [34:29<03:52, 23.25s/it]
 92%|█████████▏| 103/112 [34:54<03:32, 23.61s/it]
 93%|█████████▎| 104/112 [35:17<03:08, 23.51s/it]
 94%|█████████▍| 105/112 [35:41<02:46, 23.75s/it]
 95%|█████████▍| 106/112 [36:05<02:23, 23.89s/it]
 96%|█████████▌| 107/112 [36:30<02:00, 24.10s/it]
 96%|█████████▋| 108/112 [36:54<01:36, 24.03s/it]
 97%|█████████▋| 109/112 [37:18<01:12, 24.20s/it]
 98%|█████████▊| 110/112 [37:43<00:48, 24.28s/it]
 99%|█████████▉| 111/112 [38:08<00:24, 24.37s/it]
100%|██████████| 112/112 [38:31<00:00, 24.11s/it]
100%|██████████| 112/112 [38:31<00:00, 20.64s/it]
Best Lags: 511
AR search for ECL_720 720 finished in 2311.804027859005 seconds)
Selected Lags: 511
Final AR metrics for ECL_720 720: MSE 0.20583251118659973 | MAE 0.29168394207954407
